#
# There is insufficient memory for the Java Runtime Environment to continue.
# Native memory allocation (malloc) failed to allocate 1048576 bytes for AllocateHeap
# Possible reasons:
#   The system is out of physical RAM or swap space
#   In 32 bit mode, the process size limit was hit
# Possible solutions:
#   Reduce memory load on the system
#   Increase physical memory or swap space
#   Check if swap backing store is full
#   Use 64 bit Java on a 64 bit OS
#   Decrease Java heap size (-Xmx/-Xms)
#   Decrease number of Java threads
#   Decrease Java thread stack sizes (-Xss)
#   Set larger code cache with -XX:ReservedCodeCacheSize=
# This output file may be truncated or incomplete.
#
#  Out of Memory Error (memory/allocation.inline.hpp:61), pid=22720, tid=0x0000000000005834
#
# JRE version:  (8.0_144-b01) (build )
# Java VM: Java HotSpot(TM) 64-Bit Server VM (25.144-b01 mixed mode windows-amd64 compressed oops)
# Failed to write core dump. Minidumps are not enabled by default on client versions of Windows
#

---------------  T H R E A D  ---------------

Current thread (0x0000000002b1d800):  JavaThread "Unknown thread" [_thread_in_vm, id=22580, stack(0x0000000002ee0000,0x0000000002fe0000)]

Stack: [0x0000000002ee0000,0x0000000002fe0000]
[error occurred during error reporting (printing stack bounds), id 0xc0000005]

Native frames: (J=compiled Java code, j=interpreted, Vv=VM code, C=native code)


---------------  P R O C E S S  ---------------

Java Threads: ( => current thread )

Other Threads:

=>0x0000000002b1d800 (exited) JavaThread "Unknown thread" [_thread_in_vm, id=22580, stack(0x0000000002ee0000,0x0000000002fe0000)]

VM state:not at safepoint (normal execution)

VM Mutex/Monitor currently owned by a thread: None

Heap:
 PSYoungGen      total 38400K, used 665K [0x00000000d5900000, 0x00000000d8380000, 0x0000000100000000)
  eden space 33280K, 2% used [0x00000000d5900000,0x00000000d59a6670,0x00000000d7980000)
  from space 5120K, 0% used [0x00000000d7e80000,0x00000000d7e80000,0x00000000d8380000)
  to   space 5120K, 0% used [0x00000000d7980000,0x00000000d7980000,0x00000000d7e80000)
 ParOldGen       total 87552K, used 0K [0x0000000080a00000, 0x0000000085f80000, 0x00000000d5900000)
  object space 87552K, 0% used [0x0000000080a00000,0x0000000080a00000,0x0000000085f80000)
 Metaspace       used 770K, capacity 4480K, committed 4480K, reserved 1056768K
  class space    used 75K, capacity 384K, committed 384K, reserved 1048576K

Card table byte_map: [0x00000000125a0000,0x00000000129a0000] byte_map_base: 0x000000001219b000

Marking Bits: (ParMarkBitMap*) 0x0000000067cad850
 Begin Bits: [0x0000000013650000, 0x0000000015628000)
 End Bits:   [0x0000000015628000, 0x0000000017600000)

Polling page: 0x0000000001170000

CodeCache: size=245760Kb used=327Kb max_used=327Kb free=245432Kb
 bounds [0x00000000031e0000, 0x0000000003450000, 0x00000000121e0000]
 total_blobs=57 nmethods=0 adapters=38
 compilation: enabled

Compilation events (0 events):
No events

GC Heap History (0 events):
No events

Deoptimization events (0 events):
No events

Internal exceptions (0 events):
No events

Events (10 events):
Event: 0.440 loading class java/lang/Short
Event: 0.440 loading class java/lang/Short done
Event: 0.440 loading class java/lang/Integer
Event: 0.440 loading class java/lang/Integer done
Event: 0.440 loading class java/lang/Long
Event: 0.440 loading class java/lang/Long done
Event: 0.441 loading class java/lang/NullPointerException
Event: 0.441 loading class java/lang/NullPointerException done
Event: 0.441 loading class java/lang/ArithmeticException
Event: 0.441 loading class java/lang/ArithmeticException done


Dynamic libraries:
0x00007ff6171e0000 - 0x00007ff617217000 	D:\software\jdk\bin\java.exe
0x00007ff96d2e0000 - 0x00007ff96d4bb000 	C:\WINDOWS\SYSTEM32\ntdll.dll
0x00007ff96af30000 - 0x00007ff96afde000 	C:\WINDOWS\System32\KERNEL32.DLL
0x00007ff96a370000 - 0x00007ff96a5b9000 	C:\WINDOWS\System32\KERNELBASE.dll
0x00007ff96a9e0000 - 0x00007ff96aa81000 	C:\WINDOWS\System32\ADVAPI32.dll
0x00007ff96d0b0000 - 0x00007ff96d14d000 	C:\WINDOWS\System32\msvcrt.dll
0x00007ff96b180000 - 0x00007ff96b1d9000 	C:\WINDOWS\System32\sechost.dll
0x00007ff96d150000 - 0x00007ff96d275000 	C:\WINDOWS\System32\RPCRT4.dll
0x00007ff96c910000 - 0x00007ff96ca5a000 	C:\WINDOWS\System32\USER32.dll
0x00007ff96a750000 - 0x00007ff96a76e000 	C:\WINDOWS\System32\win32u.dll
0x00007ff96cb80000 - 0x00007ff96cba7000 	C:\WINDOWS\System32\GDI32.dll
0x00007ff96a5c0000 - 0x00007ff96a747000 	C:\WINDOWS\System32\gdi32full.dll
0x00007ff9698b0000 - 0x00007ff96994a000 	C:\WINDOWS\System32\msvcp_win.dll
0x00007ff969950000 - 0x00007ff969a46000 	C:\WINDOWS\System32\ucrtbase.dll
0x00007ff959750000 - 0x00007ff9599b7000 	C:\WINDOWS\WinSxS\amd64_microsoft.windows.common-controls_6595b64144ccf1df_6.0.15063.483_none_26002d27e7c744a2\COMCTL32.dll
0x00007ff96ab00000 - 0x00007ff96adf9000 	C:\WINDOWS\System32\combase.dll
0x00007ff96a7d0000 - 0x00007ff96a83a000 	C:\WINDOWS\System32\bcryptPrimitives.dll
0x00007ff96b150000 - 0x00007ff96b17d000 	C:\WINDOWS\System32\IMM32.DLL
0x0000000067d30000 - 0x0000000067e02000 	D:\software\jdk\jre\bin\msvcr100.dll
0x0000000067490000 - 0x0000000067d2d000 	D:\software\jdk\jre\bin\server\jvm.dll
0x00007ff96c900000 - 0x00007ff96c908000 	C:\WINDOWS\System32\PSAPI.DLL
0x00007ff9668a0000 - 0x00007ff9668a9000 	C:\WINDOWS\SYSTEM32\WSOCK32.dll
0x00007ff96cb10000 - 0x00007ff96cb7c000 	C:\WINDOWS\System32\WS2_32.dll
0x00007ff95e2f0000 - 0x00007ff95e313000 	C:\WINDOWS\SYSTEM32\WINMM.dll
0x00007ff9657c0000 - 0x00007ff9657ca000 	C:\WINDOWS\SYSTEM32\VERSION.dll
0x00007ff95e240000 - 0x00007ff95e26b000 	C:\WINDOWS\SYSTEM32\WINMMBASE.dll
0x00007ff96a320000 - 0x00007ff96a369000 	C:\WINDOWS\System32\cfgmgr32.dll
0x0000000067480000 - 0x000000006748f000 	D:\software\jdk\jre\bin\verify.dll
0x0000000067450000 - 0x0000000067479000 	D:\software\jdk\jre\bin\java.dll
0x0000000067400000 - 0x0000000067423000 	D:\software\jdk\jre\bin\instrument.dll
0x0000000067430000 - 0x0000000067446000 	D:\software\jdk\jre\bin\zip.dll

VM Arguments:
jvm_args: -javaagent:D:\software\IntelliJ IDEA 2017.2.3\lib\idea_rt.jar=63731:D:\software\IntelliJ IDEA 2017.2.3\bin -Dfile.encoding=UTF-8 
java_command: Main
java_class_path (initial): D:\software\jdk\jre\lib\charsets.jar;D:\software\jdk\jre\lib\deploy.jar;D:\software\jdk\jre\lib\ext\access-bridge-64.jar;D:\software\jdk\jre\lib\ext\cldrdata.jar;D:\software\jdk\jre\lib\ext\dnsns.jar;D:\software\jdk\jre\lib\ext\jaccess.jar;D:\software\jdk\jre\lib\ext\jfxrt.jar;D:\software\jdk\jre\lib\ext\localedata.jar;D:\software\jdk\jre\lib\ext\nashorn.jar;D:\software\jdk\jre\lib\ext\sunec.jar;D:\software\jdk\jre\lib\ext\sunjce_provider.jar;D:\software\jdk\jre\lib\ext\sunmscapi.jar;D:\software\jdk\jre\lib\ext\sunpkcs11.jar;D:\software\jdk\jre\lib\ext\zipfs.jar;D:\software\jdk\jre\lib\javaws.jar;D:\software\jdk\jre\lib\jce.jar;D:\software\jdk\jre\lib\jfr.jar;D:\software\jdk\jre\lib\jfxswt.jar;D:\software\jdk\jre\lib\jsse.jar;D:\software\jdk\jre\lib\management-agent.jar;D:\software\jdk\jre\lib\plugin.jar;D:\software\jdk\jre\lib\resources.jar;D:\software\jdk\jre\lib\rt.jar;G:\java\lession\Main\out\production\Main;D:\software\IntelliJ IDEA 2017.2.3\lib\idea_rt.jar
Launcher Type: SUN_STANDARD

Environment Variables:
CLASSPATH=%JAVA_HOME%\lib\dt.jar;%JAVA_HOME%\lib\tools.jar
PATH=C:\ProgramData\Oracle\Java\javapath;C:\WINDOWS\system32;C:\WINDOWS;C:\WINDOWS\System32\Wbem;C:\WINDOWS\System32\WindowsPowerShell\v1.0\;C:\Program Files (x86)\NVIDIA Corporation\PhysX\Common;D:\software\jdk\bin;C:\WINDOWS\system32\config\systemprofile\.dnx\bin;C:\Program Files\Microsoft DNX\Dnvm\;C:\Program Files\Microsoft SQL Server\130\Tools\Binn\;D:\software\python\Scripts\;D:\software\python\;C:\Users\chiew\AppData\Local\Microsoft\WindowsApps
USERNAME=chiew
OS=Windows_NT
PROCESSOR_IDENTIFIER=AMD64 Family 23 Model 1 Stepping 1, AuthenticAMD



---------------  S Y S T E M  ---------------

OS: Windows 10.0 , 64 bit Build 15063 (10.0.15063.296)

CPU:total 12 (initial active 12) (12 cores per cpu, 1 threads per core) family 23 model 1 stepping 1, cmov, cx8, fxsr, mmx, sse, sse2, sse3, ssse3, sse4.1, sse4.2, popcnt, avx, avx2, aes, clmul, mmxext, 3dnowpref, lzcnt, sse4a, tsc, tscinvbit, tscinv, bmi1

Memory: 4k page, physical 8340752k(1379596k free), swap 21384008k(5960k free)

vm_info: Java HotSpot(TM) 64-Bit Server VM (25.144-b01) for windows-amd64 JRE (1.8.0_144-b01), built on Jul 21 2017 21:57:33 by "java_re" with MS VC++ 10.0 (VS2010)

time: Mon Dec 04 17:08:47 2017
elapsed time: 0 seconds (0d 0h 0m 0s)

